\BOOKMARK [0][-]{chapter.1}{Introduction}{}% 1
\BOOKMARK [0][-]{chapter.2}{Theory}{}% 2
\BOOKMARK [1][-]{section.2.1}{Deferred Rendering}{chapter.2}% 3
\BOOKMARK [2][-]{subsection.2.1.1}{The Deep G-buffer}{section.2.1}% 4
\BOOKMARK [2][-]{subsection.2.1.2}{Scene Reconstruction}{section.2.1}% 5
\BOOKMARK [1][-]{section.2.2}{Omnidirectional Shadowmapping}{chapter.2}% 6
\BOOKMARK [1][-]{section.2.3}{Radiosity}{chapter.2}% 7
\BOOKMARK [2][-]{subsection.2.3.1}{The Rendering Equation}{section.2.3}% 8
\BOOKMARK [2][-]{subsection.2.3.2}{The Patch Method}{section.2.3}% 9
\BOOKMARK [2][-]{subsection.2.3.3}{Screen-Space Methodology}{section.2.3}% 10
\BOOKMARK [1][-]{section.2.4}{SSAO}{chapter.2}% 11
\BOOKMARK [1][-]{section.2.5}{Filtering}{chapter.2}% 12
\BOOKMARK [2][-]{subsection.2.5.1}{Gaussian Filtering}{section.2.5}% 13
\BOOKMARK [0][-]{chapter.3}{Implementation}{}% 14
\BOOKMARK [1][-]{section.3.1}{Design Overview}{chapter.3}% 15
\BOOKMARK [1][-]{section.3.2}{General Utility}{chapter.3}% 16
\BOOKMARK [1][-]{section.3.3}{The RenderEngine Class}{chapter.3}% 17
\BOOKMARK [1][-]{section.3.4}{The GBuffer Class}{chapter.3}% 18
\BOOKMARK [1][-]{section.3.5}{Direct Lighting and Shadowmap}{chapter.3}% 19
\BOOKMARK [1][-]{section.3.6}{Filters}{chapter.3}% 20
\BOOKMARK [2][-]{subsection.3.6.1}{Radiosity}{section.3.6}% 21
\BOOKMARK [2][-]{subsection.3.6.2}{SSAO}{section.3.6}% 22
\BOOKMARK [2][-]{subsection.3.6.3}{Gaussian Filter}{section.3.6}% 23
\BOOKMARK [0][-]{chapter.4}{Results \046 Discussion}{}% 24
\BOOKMARK [1][-]{section.4.1}{Deep G-buffer Generation}{chapter.4}% 25
\BOOKMARK [2][-]{subsection.4.1.1}{Discussion}{section.4.1}% 26
\BOOKMARK [1][-]{section.4.2}{Lambertian and Shadow Mapping}{chapter.4}% 27
\BOOKMARK [2][-]{subsection.4.2.1}{Discussion}{section.4.2}% 28
\BOOKMARK [1][-]{section.4.3}{Radiosity}{chapter.4}% 29
\BOOKMARK [2][-]{subsection.4.3.1}{Discussion}{section.4.3}% 30
\BOOKMARK [1][-]{section.4.4}{SSAO}{chapter.4}% 31
\BOOKMARK [2][-]{subsection.4.4.1}{Discussion}{section.4.4}% 32
\BOOKMARK [1][-]{section.4.5}{Gaussian Filter}{chapter.4}% 33
\BOOKMARK [2][-]{subsection.4.5.1}{Discussion}{section.4.5}% 34
\BOOKMARK [1][-]{section.4.6}{Composite Rendering}{chapter.4}% 35
\BOOKMARK [2][-]{subsection.4.6.1}{Discussion}{section.4.6}% 36
\BOOKMARK [0][-]{chapter.5}{Conclusion}{}% 37
